Using pre-set license
Built from '2020.2/staging' branch; Version is '2020.2.5f1 (e2c53f129de5) revision 14861631'; Using compiler version '192528614'; Build Type 'Release'
OS: 'Windows 10 Pro; OS build 19043.1466; Version 2009; 64bit' Language: 'en' Physical Memory: 16333 MB
BatchMode: 1, IsHumanControllingUs: 0, StartBugReporterOnCrash: 0, Is64bit: 1, IsPro: 0

 COMMAND LINE ARGUMENTS:
C:\Program Files\Unity\Hub\Editor\2020.2.5f1\Editor\Unity.exe
-adb2
-batchMode
-noUpm
-name
AssetImportWorker0
-projectPath
C:/Users/Jon/Leap Motion URF/Leap Motion - 2022 Spring/LeapASL
-logFile
Logs/AssetImportWorker0.log
-srvPort
50394
Successfully changed project path to: C:/Users/Jon/Leap Motion URF/Leap Motion - 2022 Spring/LeapASL
C:/Users/Jon/Leap Motion URF/Leap Motion - 2022 Spring/LeapASL
Using Asset Import Pipeline V2.
Refreshing native plugins compatible for Editor in 26.15 ms, found 2 plugins.
Preloading 0 native plugins for Editor in 0.00 ms.
Initialize engine version: 2020.2.5f1 (e2c53f129de5)
[Subsystems] Discovering subsystems at path C:/Program Files/Unity/Hub/Editor/2020.2.5f1/Editor/Data/Resources/UnitySubsystems
[Subsystems] Discovering subsystems at path C:/Users/Jon/Leap Motion URF/Leap Motion - 2022 Spring/LeapASL/Assets
GfxDevice: creating device client; threaded=0
Direct3D:
    Version:  Direct3D 11.0 [level 11.1]
    Renderer: NVIDIA GeForce GTX 1660 Ti (ID=0x2182)
    Vendor:   
    VRAM:     5991 MB
    Driver:   30.0.14.9649
Initialize mono
Mono path[0] = 'C:/Program Files/Unity/Hub/Editor/2020.2.5f1/Editor/Data/Managed'
Mono path[1] = 'C:/Program Files/Unity/Hub/Editor/2020.2.5f1/Editor/Data/MonoBleedingEdge/lib/mono/unityjit'
Mono config path = 'C:/Program Files/Unity/Hub/Editor/2020.2.5f1/Editor/Data/MonoBleedingEdge/etc'
Using monoOptions --debugger-agent=transport=dt_socket,embedding=1,server=y,suspend=n,address=127.0.0.1:56720
Begin MonoManager ReloadAssembly
Registering precompiled unity dll's ...
Register platform support module: C:/Program Files/Unity/Hub/Editor/2020.2.5f1/Editor/Data/PlaybackEngines/WindowsStandaloneSupport/UnityEditor.WindowsStandalone.Extensions.dll
Registered in 0.001824 seconds.
Native extension for WindowsStandalone target not found
Refreshing native plugins compatible for Editor in 24.97 ms, found 2 plugins.
Preloading 0 native plugins for Editor in 0.00 ms.
Invoked RoslynAnalysisRunner static constructor.
RoslynAnalysisRunner will not be running.
RoslynAnalysisRunner has terminated.
Mono: successfully reloaded assembly
- Completed reload, in  0.922 seconds
Platform modules already initialized, skipping
Registering precompiled user dll's ...
Registered in 0.002074 seconds.
Begin MonoManager ReloadAssembly
Native extension for WindowsStandalone target not found
Refreshing native plugins compatible for Editor in 0.34 ms, found 2 plugins.
Preloading 0 native plugins for Editor in 0.00 ms.
Invoked RoslynAnalysisRunner static constructor.
RoslynAnalysisRunner will not be running.
RoslynAnalysisRunner has terminated.
Mono: successfully reloaded assembly
- Completed reload, in  0.706 seconds
Platform modules already initialized, skipping
========================================================================
Worker process is ready to serve import requests
Launched and connected shader compiler UnityShaderCompiler.exe after 0.04 seconds
Refreshing native plugins compatible for Editor in 0.38 ms, found 2 plugins.
Preloading 0 native plugins for Editor in 0.00 ms.
Unloading 1400 Unused Serialized files (Serialized files now loaded: 0)
System memory in use before: 66.8 MB.
System memory in use after: 66.8 MB.

Unloading 16 unused Assets to reduce memory usage. Loaded Objects now: 1839.
Total: 1.737300 ms (FindLiveObjects: 0.207200 ms CreateObjectMapping: 0.035500 ms MarkObjects: 1.413900 ms  DeleteObjects: 0.079800 ms)

========================================================================
Received Import Request.
  path: Assets/Data/ANNModel
  artifactKey: Guid(cb342359354330b4aa09e6bc654b3520) Importer(815301076,1909f56bfc062723c751e8b465ee728b)
Start importing Assets/Data/ANNModel using Guid(cb342359354330b4aa09e6bc654b3520) Importer(815301076,1909f56bfc062723c751e8b465ee728b)  -> (artifact id: 'b67bba29be01ec2de1cbab292ae05edc') in 0.007515 seconds
  Import took 0.009627 seconds .

========================================================================
Received Import Request.
  Time since last request: 0.000238 seconds.
  path: Assets/Data
  artifactKey: Guid(754d208fee353f04a95e6012efe0475b) Importer(815301076,1909f56bfc062723c751e8b465ee728b)
Start importing Assets/Data using Guid(754d208fee353f04a95e6012efe0475b) Importer(815301076,1909f56bfc062723c751e8b465ee728b)  -> (artifact id: '47e9cc014557cabdb86561d68e760301') in 0.005116 seconds
  Import took 0.007087 seconds .

========================================================================
Received Import Request.
  Time since last request: 0.656101 seconds.
  path: Assets/Data/ANNModel/assets
  artifactKey: Guid(219e3881910187246bf0847fa88312bf) Importer(815301076,1909f56bfc062723c751e8b465ee728b)
Start importing Assets/Data/ANNModel/assets using Guid(219e3881910187246bf0847fa88312bf) Importer(815301076,1909f56bfc062723c751e8b465ee728b)  -> (artifact id: '1a0c2eacb6e1611aec159c15bf1bb00f') in 0.005606 seconds
  Import took 0.007941 seconds .

========================================================================
Received Import Request.
  Time since last request: 6.066578 seconds.
  path: Assets/Data/ANNModel/keras_metadata.pb
  artifactKey: Guid(df8c3ac50cd19394cb368470e26f23fa) Importer(815301076,1909f56bfc062723c751e8b465ee728b)
Start importing Assets/Data/ANNModel/keras_metadata.pb using Guid(df8c3ac50cd19394cb368470e26f23fa) Importer(815301076,1909f56bfc062723c751e8b465ee728b)  -> (artifact id: '810eda4312136b513ea940799ad2ebaf') in 0.028348 seconds
  Import took 0.030788 seconds .

========================================================================
Received Import Request.
  Time since last request: 0.988305 seconds.
  path: Assets/Data/ANNModel/saved_model.pb
  artifactKey: Guid(5c5ba26971aaf824f811241e568787a3) Importer(815301076,1909f56bfc062723c751e8b465ee728b)
Start importing Assets/Data/ANNModel/saved_model.pb using Guid(5c5ba26971aaf824f811241e568787a3) Importer(815301076,1909f56bfc062723c751e8b465ee728b)  -> (artifact id: 'd2494ebfdf630d45f13994610f136154') in 0.005536 seconds
  Import took 0.007926 seconds .

========================================================================
Received Import Request.
  Time since last request: 1.601432 seconds.
  path: Assets/Data/ANNModel/variables
  artifactKey: Guid(4827ce79b287bbc489f499080dc71a36) Importer(815301076,1909f56bfc062723c751e8b465ee728b)
Start importing Assets/Data/ANNModel/variables using Guid(4827ce79b287bbc489f499080dc71a36) Importer(815301076,1909f56bfc062723c751e8b465ee728b)  -> (artifact id: '7c752619625d6bdf1215fdbcd7f9eb05') in 0.005228 seconds
  Import took 0.007430 seconds .

========================================================================
Received Import Request.
  Time since last request: 33.711214 seconds.
  path: Assets/New Folder
  artifactKey: Guid(5a37c798d749ce44db3b8f38430d2791) Importer(815301076,1909f56bfc062723c751e8b465ee728b)
Start importing Assets/New Folder using Guid(5a37c798d749ce44db3b8f38430d2791) Importer(815301076,1909f56bfc062723c751e8b465ee728b)  -> (artifact id: '28d3f4267e3fe22eb2ce12471c41d4ef') in 0.005420 seconds
  Import took 0.007973 seconds .

========================================================================
Received Import Request.
  Time since last request: 31.656049 seconds.
  path: Assets/StreamingAssets
  artifactKey: Guid(e123a9926b2ee8a45b742e37af38f909) Importer(815301076,1909f56bfc062723c751e8b465ee728b)
Start importing Assets/StreamingAssets using Guid(e123a9926b2ee8a45b742e37af38f909) Importer(815301076,1909f56bfc062723c751e8b465ee728b)  -> (artifact id: '4f3d1f62f5c5557cff346078fa8e2ed5') in 0.005432 seconds
  Import took 0.007673 seconds .

========================================================================
Received Prepare
Registering precompiled user dll's ...
Registered in 0.002379 seconds.
Begin MonoManager ReloadAssembly
Native extension for WindowsStandalone target not found
Refreshing native plugins compatible for Editor in 0.35 ms, found 2 plugins.
Preloading 0 native plugins for Editor in 0.00 ms.
Invoked RoslynAnalysisRunner static constructor.
RoslynAnalysisRunner will not be running.
RoslynAnalysisRunner has terminated.
Mono: successfully reloaded assembly
- Completed reload, in  0.719 seconds
Platform modules already initialized, skipping
Refreshing native plugins compatible for Editor in 0.56 ms, found 2 plugins.
Preloading 0 native plugins for Editor in 0.00 ms.
Unloading 1388 Unused Serialized files (Serialized files now loaded: 0)
System memory in use before: 66.2 MB.
System memory in use after: 66.3 MB.

Unloading 11 unused Assets to reduce memory usage. Loaded Objects now: 1841.
Total: 1.763500 ms (FindLiveObjects: 0.202300 ms CreateObjectMapping: 0.034000 ms MarkObjects: 1.458400 ms  DeleteObjects: 0.067500 ms)

AssetImportWorkerClient::OnTransportError - code=2 error=End of file
